x:30 y:239 vx:0 vy0
x:58 y:239 vx:7 vy0
x:100 y:239 vx:7 vy0
x:142 y:239 vx:7 vy0
x:184 y:239 vx:7 vy0
x:219 y:239 vx:7 vy0
x:30 y:131 vx:0 vy12
x:261 y:239 vx:7 vy0
x:128 y:5 vx:7 vy5
x:310 y:239 vx:7 vy0
x:230 y:-44 vx:7 vy1
x:352 y:239 vx:7 vy0
x:332 y:43 vx:7 vy7
x:394 y:239 vx:7 vy0
x:434 y:166 vx:7 vy13
x:352 y:239 vx:7 vy0
x:536 y:241 vx:7 vy0
x:310 y:239 vx:7 vy0
x:434 y:241 vx:7 vy0
x:268 y:239 vx:7 vy0
x:310 y:239 vx:7 vy0
x:332 y:241 vx:7 vy0
x:434 y:241 vx:7 vy0
x:536 y:241 vx:7 vy0
x:638 y:241 vx:7 vy0
x:536 y:241 vx:7 vy0
x:434 y:241 vx:7 vy0
x:315 y:-19 vx:7 vy4
x:213 y:-42 vx:7 vy2
x:111 y:51 vx:7 vy8
x:9 y:258 vx:7 vy0
x:111 y:258 vx:7 vy0
x:213 y:258 vx:7 vy0
x:315 y:258 vx:7 vy0
x:417 y:117 vx:7 vy11
x:519 y:12 vx:7 vy5
x:621 y:-37 vx:7 vy1
x:740 y:68 vx:7 vy8
x:753 y:197 vx:7 vy14
x:634 y:248 vx:7 vy0
x:352 y:239 vx:7 vy0
x:532 y:248 vx:7 vy0
x:310 y:239 vx:7 vy0
x:430 y:107 vx:7 vy11
x:328 y:2 vx:7 vy5
x:268 y:239 vx:7 vy0
x:226 y:-47 vx:7 vy1
x:310 y:239 vx:7 vy0
x:124 y:40 vx:7 vy7
x:352 y:239 vx:7 vy0
x:394 y:239 vx:7 vy0
x:22 y:238 vx:7 vy0
x:436 y:158 vx:7 vy11
x:124 y:238 vx:7 vy0
x:478 y:113 vx:7 vy5
x:226 y:97 vx:7 vy11
x:520 y:104 vx:7 vy1
x:328 y:-8 vx:7 vy5
x:562 y:131 vx:7 vy7
x:430 y:-57 vx:7 vy1
x:311 y:48 vx:7 vy8
x:611 y:239 vx:7 vy0
x:209 y:177 vx:7 vy14
x:569 y:239 vx:7 vy0
x:107 y:255 vx:7 vy0
x:527 y:239 vx:7 vy0
x:5 y:255 vx:7 vy0
x:485 y:239 vx:7 vy0
x:-17 y:114 vx:7 vy11
x:102 y:9 vx:7 vy5
x:443 y:113 vx:7 vy5
x:204 y:-40 vx:7 vy1
x:485 y:104 vx:7 vy1
x:306 y:47 vx:7 vy7
x:527 y:131 vx:7 vy7
x:408 y:170 vx:7 vy13
x:569 y:194 vx:7 vy13
x:510 y:245 vx:7 vy0
x:629 y:245 vx:7 vy0
x:527 y:245 vx:7 vy0
x:611 y:109 vx:7 vy4
x:425 y:245 vx:7 vy0
x:569 y:106 vx:7 vy2
x:323 y:104 vx:7 vy11
x:527 y:139 vx:7 vy8
x:485 y:208 vx:7 vy14
x:221 y:-50 vx:7 vy1
x:443 y:239 vx:7 vy0
x:323 y:37 vx:7 vy7
x:425 y:160 vx:7 vy13
x:401 y:239 vx:7 vy0
x:527 y:262 vx:7 vy0
x:443 y:239 vx:7 vy0
x:629 y:262 vx:7 vy0
x:527 y:262 vx:7 vy0
x:425 y:262 vx:7 vy0
x:485 y:106 vx:7 vy2
x:306 y:101 vx:7 vy10
x:443 y:139 vx:7 vy8
x:204 y:2 vx:7 vy4
x:401 y:208 vx:7 vy14
x:306 y:-21 vx:7 vy2
x:359 y:239 vx:7 vy0
x:408 y:72 vx:7 vy8
x:317 y:239 vx:7 vy0
x:510 y:201 vx:7 vy14
x:359 y:239 vx:7 vy0
x:612 y:252 vx:7 vy0
x:401 y:239 vx:7 vy0
x:714 y:252 vx:7 vy0
x:612 y:252 vx:7 vy0
x:510 y:252 vx:7 vy0
x:391 y:252 vx:7 vy0
x:443 y:139 vx:7 vy8
x:289 y:252 vx:7 vy0
x:401 y:208 vx:7 vy14
x:187 y:252 vx:7 vy0
x:85 y:6 vx:7 vy5
x:187 y:-43 vx:7 vy1
x:289 y:44 vx:7 vy7
x:391 y:167 vx:7 vy13
x:493 y:242 vx:7 vy0
x:595 y:242 vx:7 vy0
x:359 y:239 vx:7 vy0
x:317 y:239 vx:7 vy0
x:275 y:239 vx:7 vy0
x:226 y:239 vx:7 vy0
x:184 y:158 vx:7 vy11
x:226 y:113 vx:7 vy5
x:268 y:104 vx:7 vy1
x:310 y:131 vx:7 vy7
x:352 y:194 vx:7 vy13
x:394 y:239 vx:7 vy0
x:436 y:158 vx:7 vy11
x:478 y:113 vx:7 vy5
x:520 y:104 vx:7 vy1
x:562 y:131 vx:7 vy7
x:597 y:239 vx:7 vy0
x:555 y:239 vx:7 vy0
x:513 y:239 vx:7 vy0
x:471 y:239 vx:7 vy0
x:429 y:239 vx:7 vy0
x:493 y:34 vx:7 vy7
x:391 y:157 vx:7 vy13
x:289 y:259 vx:7 vy0
x:391 y:259 vx:7 vy0
x:289 y:259 vx:7 vy0
x:187 y:259 vx:7 vy0
x:289 y:118 vx:7 vy11
x:391 y:13 vx:7 vy5
x:493 y:-36 vx:7 vy1
x:595 y:51 vx:7 vy7
x:697 y:249 vx:7 vy0
x:595 y:249 vx:7 vy0
x:476 y:249 vx:7 vy0
x:374 y:108 vx:7 vy11
x:272 y:3 vx:7 vy5
x:170 y:-46 vx:7 vy1
x:68 y:41 vx:7 vy7
x:-17 y:164 vx:7 vy13
x:102 y:239 vx:7 vy0
[INFO] Sun 2024-09-01 22:14:22 [time 1908 ms] [Thread-3] GameCharacter:123 - trace - x:30 y:239 vx:0 vy0
[INFO] Sun 2024-09-01 22:14:22 [time 2011 ms] [Thread-3] GameCharacter:123 - trace - x:58 y:239 vx:7 vy0
[INFO] Sun 2024-09-01 22:14:22 [time 2213 ms] [Thread-3] GameCharacter:123 - trace - x:30 y:251 vx:0 vy0
[INFO] Sun 2024-09-01 22:14:22 [time 2314 ms] [Thread-3] GameCharacter:123 - trace - x:111 y:251 vx:6 vy0
[INFO] Sun 2024-09-01 22:14:22 [time 2415 ms] [Thread-3] GameCharacter:123 - trace - x:213 y:251 vx:7 vy0
[INFO] Sun 2024-09-01 22:14:23 [time 3218 ms] [Thread-3] GameCharacter:123 - trace - x:100 y:239 vx:7 vy0
[INFO] Sun 2024-09-01 22:14:23 [time 3420 ms] [Thread-3] GameCharacter:123 - trace - x:58 y:239 vx:7 vy0
[INFO] Sun 2024-09-01 22:14:24 [time 3520 ms] [Thread-3] GameCharacter:123 - trace - x:100 y:239 vx:7 vy0
[INFO] Sun 2024-09-01 22:14:24 [time 4226 ms] [Thread-3] GameCharacter:123 - trace - x:142 y:106 vx:7 vy2
[INFO] Sun 2024-09-01 22:14:35 [time 5865 ms] [Thread-3] GameCharacter:123 - trace - x:30 y:251 vx:0 vy0
[INFO] Sun 2024-09-01 22:14:35 [time 5968 ms] [Thread-3] GameCharacter:123 - trace - x:111 y:251 vx:6 vy0
[INFO] Sun 2024-09-01 22:14:36 [time 7176 ms] [Thread-3] GameCharacter:123 - trace - x:30 y:239 vx:0 vy0
[INFO] Sun 2024-09-01 22:14:37 [time 8382 ms] [Thread-3] GameCharacter:123 - trace - x:51 y:113 vx:6 vy5
[INFO] Sun 2024-09-01 22:14:38 [time 8483 ms] [Thread-3] GameCharacter:123 - trace - x:93 y:104 vx:7 vy1
[INFO] Sun 2024-09-01 22:14:38 [time 8584 ms] [Thread-3] GameCharacter:123 - trace - x:135 y:131 vx:7 vy7
[INFO] Sun 2024-09-01 22:14:40 [time 10697 ms] [Thread-3] GameCharacter:123 - trace - x:213 y:251 vx:7 vy0
[INFO] Sun 2024-09-01 22:14:40 [time 10798 ms] [Thread-3] GameCharacter:123 - trace - x:315 y:251 vx:7 vy0
[INFO] Sun 2024-09-01 22:14:40 [time 10899 ms] [Thread-3] GameCharacter:123 - trace - x:417 y:251 vx:7 vy0
[INFO] Sun 2024-09-01 22:14:40 [time 11000 ms] [Thread-3] GameCharacter:123 - trace - x:519 y:251 vx:7 vy0
[INFO] Sun 2024-09-01 22:14:40 [time 11102 ms] [Thread-3] GameCharacter:123 - trace - x:621 y:251 vx:7 vy0
[INFO] Sun 2024-09-01 22:14:40 [time 11203 ms] [Thread-3] GameCharacter:123 - trace - x:723 y:251 vx:7 vy0
[INFO] Sun 2024-09-01 22:14:40 [time 11305 ms] [Thread-3] GameCharacter:123 - trace - x:621 y:251 vx:7 vy0
[INFO] Sun 2024-09-01 22:14:40 [time 11406 ms] [Thread-3] GameCharacter:123 - trace - x:502 y:251 vx:7 vy0
[INFO] Sun 2024-09-01 22:14:41 [time 11508 ms] [Thread-3] GameCharacter:123 - trace - x:400 y:251 vx:7 vy0
[INFO] Sun 2024-09-01 22:14:41 [time 11610 ms] [Thread-3] GameCharacter:123 - trace - x:502 y:251 vx:7 vy0
[INFO] Sun 2024-09-01 22:14:41 [time 11711 ms] [Thread-3] GameCharacter:123 - trace - x:604 y:251 vx:7 vy0
[INFO] Sun 2024-09-01 22:14:41 [time 11812 ms] [Thread-3] GameCharacter:123 - trace - x:706 y:251 vx:7 vy0
[INFO] Sun 2024-09-01 22:14:41 [time 11914 ms] [Thread-3] GameCharacter:123 - trace - x:753 y:251 vx:7 vy0
[INFO] Sun 2024-09-01 22:14:41 [time 12014 ms] [Thread-3] GameCharacter:123 - trace - x:753 y:251 vx:7 vy0
[INFO] Sun 2024-09-01 22:14:41 [time 12116 ms] [Thread-3] GameCharacter:123 - trace - x:753 y:251 vx:7 vy0
[INFO] Sun 2024-09-01 22:14:41 [time 12219 ms] [Thread-3] GameCharacter:123 - trace - x:753 y:251 vx:7 vy0
[INFO] Sun 2024-09-01 22:14:41 [time 12320 ms] [Thread-3] GameCharacter:123 - trace - x:753 y:251 vx:7 vy0
[INFO] Sun 2024-09-01 22:14:41 [time 12422 ms] [Thread-3] GameCharacter:123 - trace - x:753 y:251 vx:7 vy0
[INFO] Sun 2024-09-01 22:14:42 [time 12523 ms] [Thread-3] GameCharacter:123 - trace - x:753 y:251 vx:7 vy0
[INFO] Sun 2024-09-01 22:14:42 [time 12625 ms] [Thread-3] GameCharacter:123 - trace - x:753 y:251 vx:7 vy0
[INFO] Sun 2024-09-01 22:14:42 [time 12727 ms] [Thread-3] GameCharacter:123 - trace - x:753 y:251 vx:7 vy0
[INFO] Sun 2024-09-01 22:14:42 [time 12828 ms] [Thread-3] GameCharacter:123 - trace - x:753 y:251 vx:7 vy0
[INFO] Sun 2024-09-01 22:14:42 [time 12929 ms] [Thread-3] GameCharacter:123 - trace - x:753 y:251 vx:7 vy0
[INFO] Sun 2024-09-01 22:14:42 [time 13030 ms] [Thread-3] GameCharacter:123 - trace - x:753 y:251 vx:7 vy0
[INFO] Sun 2024-09-01 22:14:42 [time 13131 ms] [Thread-3] GameCharacter:123 - trace - x:753 y:251 vx:7 vy0
[INFO] Sun 2024-09-01 22:14:42 [time 13232 ms] [Thread-3] GameCharacter:123 - trace - x:753 y:251 vx:7 vy0
[INFO] Sun 2024-09-01 22:14:42 [time 13334 ms] [Thread-3] GameCharacter:123 - trace - x:753 y:251 vx:7 vy0
[INFO] Sun 2024-09-01 22:14:42 [time 13435 ms] [Thread-3] GameCharacter:123 - trace - x:753 y:251 vx:7 vy0
[INFO] Sun 2024-09-01 22:14:43 [time 13537 ms] [Thread-3] GameCharacter:123 - trace - x:753 y:251 vx:7 vy0
[INFO] Sun 2024-09-01 22:14:43 [time 13638 ms] [Thread-3] GameCharacter:123 - trace - x:753 y:251 vx:7 vy0
[INFO] Sun 2024-09-01 22:14:43 [time 13740 ms] [Thread-3] GameCharacter:123 - trace - x:753 y:251 vx:7 vy0
[INFO] Sun 2024-09-01 22:14:43 [time 13841 ms] [Thread-3] GameCharacter:123 - trace - x:753 y:251 vx:7 vy0
[INFO] Sun 2024-09-01 22:14:43 [time 13943 ms] [Thread-3] GameCharacter:123 - trace - x:753 y:251 vx:7 vy0
[INFO] Sun 2024-09-01 22:14:43 [time 14044 ms] [Thread-3] GameCharacter:123 - trace - x:753 y:251 vx:7 vy0
[INFO] Sun 2024-09-01 22:14:43 [time 14144 ms] [Thread-3] GameCharacter:123 - trace - x:753 y:251 vx:7 vy0
[INFO] Sun 2024-09-01 22:14:43 [time 14245 ms] [Thread-3] GameCharacter:123 - trace - x:753 y:251 vx:7 vy0
[INFO] Sun 2024-09-01 22:15:12 [time 42915 ms] [Thread-3] GameCharacter:123 - trace - x:736 y:251 vx:7 vy0
[INFO] Sun 2024-09-01 22:15:12 [time 43016 ms] [Thread-3] GameCharacter:123 - trace - x:753 y:251 vx:7 vy0
[INFO] Sun 2024-09-01 22:15:12 [time 43117 ms] [Thread-3] GameCharacter:123 - trace - x:753 y:251 vx:7 vy0
[INFO] Sun 2024-09-01 22:15:12 [time 43217 ms] [Thread-3] GameCharacter:123 - trace - x:753 y:251 vx:7 vy0
[INFO] Sun 2024-09-01 22:15:12 [time 43320 ms] [Thread-3] GameCharacter:123 - trace - x:753 y:251 vx:7 vy0
[INFO] Sun 2024-09-01 22:15:12 [time 43421 ms] [Thread-3] GameCharacter:123 - trace - x:753 y:251 vx:7 vy0
[INFO] Sun 2024-09-01 22:15:13 [time 43522 ms] [Thread-3] GameCharacter:123 - trace - x:753 y:251 vx:7 vy0
[INFO] Sun 2024-09-01 22:15:13 [time 43623 ms] [Thread-3] GameCharacter:123 - trace - x:753 y:251 vx:7 vy0
[INFO] Sun 2024-09-01 22:15:13 [time 43724 ms] [Thread-3] GameCharacter:123 - trace - x:753 y:251 vx:7 vy0
[INFO] Sun 2024-09-01 22:15:13 [time 43825 ms] [Thread-3] GameCharacter:123 - trace - x:753 y:251 vx:7 vy0
[INFO] Sun 2024-09-01 22:15:13 [time 44329 ms] [Thread-3] GameCharacter:123 - trace - x:736 y:251 vx:7 vy0
[INFO] Sun 2024-09-01 22:15:13 [time 44430 ms] [Thread-3] GameCharacter:123 - trace - x:753 y:251 vx:7 vy0
[INFO] Sun 2024-09-01 22:15:14 [time 44531 ms] [Thread-3] GameCharacter:123 - trace - x:753 y:251 vx:7 vy0
[INFO] Sun 2024-09-01 22:15:14 [time 44633 ms] [Thread-3] GameCharacter:123 - trace - x:753 y:251 vx:7 vy0
[INFO] Sun 2024-09-01 22:15:14 [time 44734 ms] [Thread-3] GameCharacter:123 - trace - x:753 y:251 vx:7 vy0
[INFO] Sun 2024-09-01 22:15:14 [time 44835 ms] [Thread-3] GameCharacter:123 - trace - x:753 y:251 vx:7 vy0
[INFO] Sun 2024-09-01 22:15:14 [time 44936 ms] [Thread-3] GameCharacter:123 - trace - x:753 y:251 vx:7 vy0
[INFO] Sun 2024-09-01 22:15:14 [time 45037 ms] [Thread-3] GameCharacter:123 - trace - x:753 y:251 vx:7 vy0
[INFO] Sun 2024-09-01 22:15:15 [time 45642 ms] [Thread-3] GameCharacter:123 - trace - x:736 y:251 vx:7 vy0
[INFO] Sun 2024-09-01 22:15:15 [time 45743 ms] [Thread-3] GameCharacter:123 - trace - x:753 y:251 vx:7 vy0
[INFO] Sun 2024-09-01 22:15:15 [time 45844 ms] [Thread-3] GameCharacter:123 - trace - x:753 y:251 vx:7 vy0
[INFO] Sun 2024-09-01 22:15:15 [time 45946 ms] [Thread-3] GameCharacter:123 - trace - x:753 y:251 vx:7 vy0
[INFO] Sun 2024-09-01 22:15:15 [time 46047 ms] [Thread-3] GameCharacter:123 - trace - x:753 y:251 vx:7 vy0
[INFO] Sun 2024-09-01 22:15:15 [time 46149 ms] [Thread-3] GameCharacter:123 - trace - x:753 y:251 vx:7 vy0
[INFO] Sun 2024-09-01 22:15:15 [time 46250 ms] [Thread-3] GameCharacter:123 - trace - x:753 y:251 vx:7 vy0
[INFO] Sun 2024-09-01 22:15:15 [time 46351 ms] [Thread-3] GameCharacter:123 - trace - x:753 y:251 vx:7 vy0
[INFO] Sun 2024-09-01 22:15:16 [time 46452 ms] [Thread-3] GameCharacter:123 - trace - x:753 y:251 vx:7 vy0
[INFO] Sun 2024-09-01 22:15:16 [time 46553 ms] [Thread-3] GameCharacter:123 - trace - x:753 y:251 vx:7 vy0
[INFO] Sun 2024-09-01 22:15:16 [time 46654 ms] [Thread-3] GameCharacter:123 - trace - x:753 y:251 vx:7 vy0
[INFO] Sun 2024-09-01 22:15:16 [time 46755 ms] [Thread-3] GameCharacter:123 - trace - x:753 y:251 vx:7 vy0
[INFO] Sun 2024-09-01 22:15:16 [time 46856 ms] [Thread-3] GameCharacter:123 - trace - x:753 y:251 vx:7 vy0
[INFO] Sun 2024-09-01 22:15:16 [time 46957 ms] [Thread-3] GameCharacter:123 - trace - x:753 y:251 vx:7 vy0
[INFO] Sun 2024-09-01 22:15:16 [time 47058 ms] [Thread-3] GameCharacter:123 - trace - x:753 y:251 vx:7 vy0
[INFO] Sun 2024-09-01 22:15:16 [time 47159 ms] [Thread-3] GameCharacter:123 - trace - x:753 y:251 vx:7 vy0
[INFO] Sun 2024-09-01 22:15:16 [time 47260 ms] [Thread-3] GameCharacter:123 - trace - x:753 y:251 vx:7 vy0
[INFO] Sun 2024-09-01 22:15:16 [time 47362 ms] [Thread-3] GameCharacter:123 - trace - x:753 y:251 vx:7 vy0
[INFO] Sun 2024-09-01 22:15:17 [time 47465 ms] [Thread-3] GameCharacter:123 - trace - x:753 y:251 vx:7 vy0
[INFO] Sun 2024-09-01 22:15:17 [time 47567 ms] [Thread-3] GameCharacter:123 - trace - x:753 y:251 vx:7 vy0
[INFO] Sun 2024-09-01 22:15:17 [time 47668 ms] [Thread-3] GameCharacter:123 - trace - x:753 y:251 vx:7 vy0
[INFO] Sun 2024-09-01 22:15:17 [time 47769 ms] [Thread-3] GameCharacter:123 - trace - x:753 y:251 vx:7 vy0
[INFO] Sun 2024-09-01 22:15:17 [time 47870 ms] [Thread-3] GameCharacter:123 - trace - x:753 y:251 vx:7 vy0
[INFO] Sun 2024-09-01 22:15:17 [time 47971 ms] [Thread-3] GameCharacter:123 - trace - x:753 y:251 vx:7 vy0
[INFO] Sun 2024-09-01 22:15:18 [time 49076 ms] [Thread-3] GameCharacter:123 - trace - x:177 y:239 vx:7 vy0
[INFO] Sun 2024-09-01 22:15:18 [time 49176 ms] [Thread-3] GameCharacter:123 - trace - x:219 y:239 vx:7 vy0
[INFO] Sun 2024-09-01 22:15:18 [time 49277 ms] [Thread-3] GameCharacter:123 - trace - x:261 y:239 vx:7 vy0
[INFO] Sun 2024-09-01 22:15:18 [time 49378 ms] [Thread-3] GameCharacter:123 - trace - x:303 y:239 vx:7 vy0
[INFO] Sun 2024-09-01 22:15:19 [time 49479 ms] [Thread-3] GameCharacter:123 - trace - x:345 y:239 vx:7 vy0
[INFO] Sun 2024-09-01 22:15:19 [time 49580 ms] [Thread-3] GameCharacter:123 - trace - x:387 y:239 vx:7 vy0
[INFO] Sun 2024-09-01 22:15:19 [time 49681 ms] [Thread-3] GameCharacter:123 - trace - x:429 y:239 vx:7 vy0
[INFO] Sun 2024-09-01 22:15:19 [time 49783 ms] [Thread-3] GameCharacter:123 - trace - x:471 y:239 vx:7 vy0
[INFO] Sun 2024-09-01 22:15:19 [time 49884 ms] [Thread-3] GameCharacter:123 - trace - x:513 y:239 vx:7 vy0
[INFO] Sun 2024-09-01 22:15:19 [time 49984 ms] [Thread-3] GameCharacter:123 - trace - x:555 y:239 vx:7 vy0
[INFO] Sun 2024-09-01 22:15:19 [time 50085 ms] [Thread-3] GameCharacter:123 - trace - x:604 y:239 vx:7 vy0
[INFO] Sun 2024-09-01 22:15:19 [time 50186 ms] [Thread-3] GameCharacter:123 - trace - x:646 y:239 vx:7 vy0
[INFO] Sun 2024-09-01 22:15:19 [time 50287 ms] [Thread-3] GameCharacter:123 - trace - x:688 y:239 vx:7 vy0
[INFO] Sun 2024-09-01 22:15:19 [time 50388 ms] [Thread-3] GameCharacter:123 - trace - x:730 y:239 vx:7 vy0
[INFO] Sun 2024-09-01 22:15:20 [time 50489 ms] [Thread-3] GameCharacter:123 - trace - x:772 y:158 vx:7 vy11
[INFO] Sun 2024-09-01 22:15:20 [time 50590 ms] [Thread-3] GameCharacter:123 - trace - x:775 y:113 vx:7 vy5
[INFO] Sun 2024-09-01 22:15:20 [time 50691 ms] [Thread-3] GameCharacter:123 - trace - x:775 y:104 vx:7 vy1
[INFO] Sun 2024-09-01 22:15:20 [time 50792 ms] [Thread-3] GameCharacter:123 - trace - x:775 y:131 vx:7 vy7
[INFO] Sun 2024-09-01 22:15:20 [time 50893 ms] [Thread-3] GameCharacter:123 - trace - x:775 y:194 vx:7 vy13
[INFO] Sun 2024-09-01 22:15:20 [time 50995 ms] [Thread-3] GameCharacter:123 - trace - x:775 y:239 vx:7 vy0
[INFO] Sun 2024-09-01 22:15:20 [time 51096 ms] [Thread-3] GameCharacter:123 - trace - x:775 y:158 vx:7 vy11
[INFO] Sun 2024-09-01 22:15:20 [time 51199 ms] [Thread-3] GameCharacter:123 - trace - x:775 y:113 vx:7 vy5
[INFO] Sun 2024-09-01 22:15:20 [time 51300 ms] [Thread-3] GameCharacter:123 - trace - x:775 y:104 vx:7 vy1
[INFO] Sun 2024-09-01 22:15:20 [time 51401 ms] [Thread-3] GameCharacter:123 - trace - x:775 y:131 vx:7 vy7
[INFO] Sun 2024-09-01 22:15:21 [time 51503 ms] [Thread-3] GameCharacter:123 - trace - x:775 y:194 vx:7 vy13
[INFO] Sun 2024-09-01 22:15:21 [time 51605 ms] [Thread-3] GameCharacter:123 - trace - x:775 y:239 vx:7 vy0
[INFO] Sun 2024-09-01 22:15:21 [time 51706 ms] [Thread-3] GameCharacter:123 - trace - x:775 y:158 vx:7 vy11
[INFO] Sun 2024-09-01 22:15:22 [time 52914 ms] [Thread-3] GameCharacter:123 - trace - x:736 y:251 vx:7 vy0
[INFO] Sun 2024-09-01 22:15:22 [time 53015 ms] [Thread-3] GameCharacter:123 - trace - x:634 y:251 vx:7 vy0
[INFO] Sun 2024-09-01 22:15:22 [time 53116 ms] [Thread-3] GameCharacter:123 - trace - x:515 y:251 vx:7 vy0
[INFO] Sun 2024-09-01 22:15:22 [time 53216 ms] [Thread-3] GameCharacter:123 - trace - x:413 y:251 vx:7 vy0
[INFO] Sun 2024-09-01 22:15:22 [time 53317 ms] [Thread-3] GameCharacter:123 - trace - x:311 y:251 vx:7 vy0
[INFO] Sun 2024-09-01 22:15:22 [time 53419 ms] [Thread-3] GameCharacter:123 - trace - x:209 y:251 vx:7 vy0
[INFO] Sun 2024-09-01 22:15:23 [time 53520 ms] [Thread-3] GameCharacter:123 - trace - x:107 y:251 vx:7 vy0
[INFO] Sun 2024-09-01 22:15:23 [time 53621 ms] [Thread-3] GameCharacter:123 - trace - x:5 y:251 vx:7 vy0
[INFO] Sun 2024-09-01 22:15:23 [time 53723 ms] [Thread-3] GameCharacter:123 - trace - x:-17 y:251 vx:7 vy0
[INFO] Sun 2024-09-01 22:15:23 [time 54226 ms] [Thread-3] GameCharacter:123 - trace - x:0 y:251 vx:7 vy0
[INFO] Sun 2024-09-01 22:15:23 [time 54327 ms] [Thread-3] GameCharacter:123 - trace - x:-17 y:251 vx:7 vy0
[INFO] Sun 2024-09-01 22:15:23 [time 54428 ms] [Thread-3] GameCharacter:123 - trace - x:-17 y:251 vx:7 vy0
[INFO] Sun 2024-09-01 22:15:24 [time 54529 ms] [Thread-3] GameCharacter:123 - trace - x:-17 y:251 vx:7 vy0
[INFO] Sun 2024-09-01 22:15:24 [time 54630 ms] [Thread-3] GameCharacter:123 - trace - x:-17 y:251 vx:7 vy0
[INFO] Sun 2024-09-01 22:15:24 [time 54731 ms] [Thread-3] GameCharacter:123 - trace - x:-17 y:251 vx:7 vy0
[INFO] Sun 2024-09-01 22:15:24 [time 54832 ms] [Thread-3] GameCharacter:123 - trace - x:-17 y:251 vx:7 vy0
[INFO] Sun 2024-09-01 22:15:24 [time 54932 ms] [Thread-3] GameCharacter:123 - trace - x:-17 y:251 vx:7 vy0
[INFO] Sun 2024-09-01 22:15:24 [time 55035 ms] [Thread-3] GameCharacter:123 - trace - x:-17 y:251 vx:7 vy0
[INFO] Sun 2024-09-01 22:15:24 [time 55136 ms] [Thread-3] GameCharacter:123 - trace - x:-17 y:251 vx:7 vy0
[INFO] Sun 2024-09-01 22:15:24 [time 55238 ms] [Thread-3] GameCharacter:123 - trace - x:-17 y:251 vx:7 vy0
[INFO] Sun 2024-09-01 22:15:24 [time 55339 ms] [Thread-3] GameCharacter:123 - trace - x:-17 y:251 vx:7 vy0
[INFO] Sun 2024-09-01 22:15:24 [time 55440 ms] [Thread-3] GameCharacter:123 - trace - x:-17 y:251 vx:7 vy0
[INFO] Sun 2024-09-01 22:15:25 [time 55541 ms] [Thread-3] GameCharacter:123 - trace - x:-17 y:110 vx:7 vy11
[INFO] Sun 2024-09-01 22:15:25 [time 55642 ms] [Thread-3] GameCharacter:123 - trace - x:-17 y:5 vx:7 vy5
[INFO] Sun 2024-09-01 22:15:25 [time 55743 ms] [Thread-3] GameCharacter:123 - trace - x:-17 y:-44 vx:7 vy1
[INFO] Sun 2024-09-01 22:15:25 [time 55843 ms] [Thread-3] GameCharacter:123 - trace - x:-17 y:43 vx:7 vy7
[INFO] Sun 2024-09-01 22:15:25 [time 55944 ms] [Thread-3] GameCharacter:123 - trace - x:-17 y:166 vx:7 vy13
[INFO] Sun 2024-09-01 22:15:25 [time 56045 ms] [Thread-3] GameCharacter:123 - trace - x:-17 y:241 vx:7 vy0
[INFO] Sun 2024-09-01 22:15:25 [time 56147 ms] [Thread-3] GameCharacter:123 - trace - x:-17 y:80 vx:7 vy10
[INFO] Sun 2024-09-01 22:15:25 [time 56248 ms] [Thread-3] GameCharacter:123 - trace - x:-17 y:-19 vx:7 vy4
[INFO] Sun 2024-09-01 22:15:25 [time 56349 ms] [Thread-3] GameCharacter:123 - trace - x:-17 y:-42 vx:7 vy2
[INFO] Sun 2024-09-01 22:15:26 [time 56450 ms] [Thread-3] GameCharacter:123 - trace - x:-17 y:51 vx:7 vy8
[INFO] Sun 2024-09-01 22:15:26 [time 56551 ms] [Thread-3] GameCharacter:123 - trace - x:-17 y:180 vx:7 vy14
[INFO] Sun 2024-09-01 22:15:26 [time 56653 ms] [Thread-3] GameCharacter:123 - trace - x:-17 y:258 vx:7 vy0
[INFO] Sun 2024-09-01 22:15:26 [time 56754 ms] [Thread-3] GameCharacter:123 - trace - x:-17 y:117 vx:7 vy11
[INFO] Sun 2024-09-01 22:15:26 [time 56855 ms] [Thread-3] GameCharacter:123 - trace - x:-17 y:12 vx:7 vy5
[INFO] Sun 2024-09-01 22:15:26 [time 56955 ms] [Thread-3] GameCharacter:123 - trace - x:-17 y:-37 vx:7 vy1
[INFO] Sun 2024-09-01 22:15:26 [time 57056 ms] [Thread-3] GameCharacter:123 - trace - x:-17 y:50 vx:7 vy7
[INFO] Sun 2024-09-01 22:15:26 [time 57157 ms] [Thread-3] GameCharacter:123 - trace - x:-17 y:173 vx:7 vy13
[INFO] Sun 2024-09-01 22:15:26 [time 57259 ms] [Thread-3] GameCharacter:123 - trace - x:-17 y:248 vx:7 vy0
[INFO] Sun 2024-09-01 22:15:26 [time 57360 ms] [Thread-3] GameCharacter:123 - trace - x:-17 y:107 vx:7 vy11
[INFO] Sun 2024-09-01 22:15:27 [time 57461 ms] [Thread-3] GameCharacter:123 - trace - x:-17 y:-12 vx:7 vy4
[INFO] Sun 2024-09-01 22:15:27 [time 57562 ms] [Thread-3] GameCharacter:123 - trace - x:-17 y:-35 vx:7 vy2
[INFO] Sun 2024-09-01 22:15:27 [time 57663 ms] [Thread-3] GameCharacter:123 - trace - x:-17 y:58 vx:7 vy8
[INFO] Sun 2024-09-01 22:15:27 [time 57764 ms] [Thread-3] GameCharacter:123 - trace - x:-17 y:187 vx:7 vy14
[INFO] Sun 2024-09-01 22:15:27 [time 57864 ms] [Thread-3] GameCharacter:123 - trace - x:-17 y:238 vx:7 vy0
[INFO] Sun 2024-09-01 22:15:27 [time 57967 ms] [Thread-3] GameCharacter:123 - trace - x:-17 y:97 vx:7 vy11
[INFO] Sun 2024-09-01 22:15:27 [time 58067 ms] [Thread-3] GameCharacter:123 - trace - x:-17 y:-8 vx:7 vy5
[INFO] Sun 2024-09-01 22:15:27 [time 58168 ms] [Thread-3] GameCharacter:123 - trace - x:-17 y:-57 vx:7 vy1
[INFO] Sun 2024-09-01 22:15:27 [time 58270 ms] [Thread-3] GameCharacter:123 - trace - x:-17 y:30 vx:7 vy7
[INFO] Sun 2024-09-01 22:15:27 [time 58371 ms] [Thread-3] GameCharacter:123 - trace - x:-17 y:153 vx:7 vy13
[INFO] Sun 2024-09-01 22:15:28 [time 58472 ms] [Thread-3] GameCharacter:123 - trace - x:768 y:239 vx:7 vy0
[INFO] Sun 2024-09-01 22:15:28 [time 58472 ms] [Thread-3] GameCharacter:123 - trace - x:-17 y:255 vx:7 vy0
[INFO] Sun 2024-09-01 22:15:28 [time 58573 ms] [Thread-3] GameCharacter:123 - trace - x:775 y:239 vx:7 vy0
[INFO] Sun 2024-09-01 22:15:28 [time 58573 ms] [Thread-3] GameCharacter:123 - trace - x:-17 y:114 vx:7 vy11
[INFO] Sun 2024-09-01 22:15:28 [time 58674 ms] [Thread-3] GameCharacter:123 - trace - x:775 y:239 vx:7 vy0
[INFO] Sun 2024-09-01 22:15:28 [time 58674 ms] [Thread-3] GameCharacter:123 - trace - x:-17 y:9 vx:7 vy5
[INFO] Sun 2024-09-01 22:15:28 [time 58776 ms] [Thread-3] GameCharacter:123 - trace - x:775 y:239 vx:7 vy0
[INFO] Sun 2024-09-01 22:15:28 [time 58776 ms] [Thread-3] GameCharacter:123 - trace - x:-17 y:-40 vx:7 vy1
[INFO] Sun 2024-09-01 22:15:28 [time 58877 ms] [Thread-3] GameCharacter:123 - trace - x:775 y:239 vx:7 vy0
[INFO] Sun 2024-09-01 22:15:28 [time 58877 ms] [Thread-3] GameCharacter:123 - trace - x:-17 y:47 vx:7 vy7
[INFO] Sun 2024-09-01 22:15:28 [time 58978 ms] [Thread-3] GameCharacter:123 - trace - x:775 y:239 vx:7 vy0
[INFO] Sun 2024-09-01 22:15:28 [time 58978 ms] [Thread-3] GameCharacter:123 - trace - x:-17 y:194 vx:7 vy14
[INFO] Sun 2024-09-01 22:15:28 [time 59079 ms] [Thread-3] GameCharacter:123 - trace - x:775 y:239 vx:7 vy0
[INFO] Sun 2024-09-01 22:15:28 [time 59079 ms] [Thread-3] GameCharacter:123 - trace - x:-17 y:245 vx:7 vy0
[INFO] Sun 2024-09-01 22:15:28 [time 59180 ms] [Thread-3] GameCharacter:123 - trace - x:775 y:239 vx:7 vy0
[INFO] Sun 2024-09-01 22:15:28 [time 59180 ms] [Thread-3] GameCharacter:123 - trace - x:-17 y:104 vx:7 vy11
[INFO] Sun 2024-09-01 22:15:28 [time 59281 ms] [Thread-3] GameCharacter:123 - trace - x:775 y:239 vx:7 vy0
[INFO] Sun 2024-09-01 22:15:28 [time 59281 ms] [Thread-3] GameCharacter:123 - trace - x:-17 y:-1 vx:7 vy5
[INFO] Sun 2024-09-01 22:15:28 [time 59383 ms] [Thread-3] GameCharacter:123 - trace - x:775 y:239 vx:7 vy0
[INFO] Sun 2024-09-01 22:15:28 [time 59383 ms] [Thread-3] GameCharacter:123 - trace - x:-17 y:-50 vx:7 vy1
[INFO] Sun 2024-09-01 22:15:29 [time 59484 ms] [Thread-3] GameCharacter:123 - trace - x:775 y:239 vx:7 vy0
[INFO] Sun 2024-09-01 22:15:29 [time 59484 ms] [Thread-3] GameCharacter:123 - trace - x:-17 y:37 vx:7 vy7
[INFO] Sun 2024-09-01 22:15:29 [time 59584 ms] [Thread-3] GameCharacter:123 - trace - x:-17 y:160 vx:7 vy13
[INFO] Sun 2024-09-01 22:15:31 [time 61802 ms] [Thread-3] GameCharacter:123 - trace - x:0 y:262 vx:7 vy0
[INFO] Sun 2024-09-01 22:16:02 [time 92475 ms] [Thread-3] GameCharacter:123 - trace - x:0 y:262 vx:7 vy0
[INFO] Sun 2024-09-01 22:16:02 [time 92576 ms] [Thread-3] GameCharacter:123 - trace - x:-17 y:262 vx:7 vy0
[INFO] Sun 2024-09-01 22:16:02 [time 92677 ms] [Thread-3] GameCharacter:123 - trace - x:-17 y:262 vx:7 vy0
[INFO] Sun 2024-09-01 22:16:02 [time 92778 ms] [Thread-3] GameCharacter:123 - trace - x:-17 y:262 vx:7 vy0
[INFO] Sun 2024-09-01 22:16:02 [time 92878 ms] [Thread-3] GameCharacter:123 - trace - x:-17 y:262 vx:7 vy0
[INFO] Sun 2024-09-01 22:16:02 [time 92980 ms] [Thread-3] GameCharacter:123 - trace - x:-17 y:262 vx:7 vy0
[INFO] Sun 2024-09-01 22:16:02 [time 93081 ms] [Thread-3] GameCharacter:123 - trace - x:-17 y:262 vx:7 vy0
[INFO] Sun 2024-09-01 22:16:02 [time 93182 ms] [Thread-3] GameCharacter:123 - trace - x:-17 y:262 vx:7 vy0
[INFO] Sun 2024-09-01 22:16:02 [time 93283 ms] [Thread-3] GameCharacter:123 - trace - x:-17 y:262 vx:7 vy0
[INFO] Sun 2024-09-01 22:16:02 [time 93384 ms] [Thread-3] GameCharacter:123 - trace - x:-17 y:262 vx:7 vy0
[INFO] Sun 2024-09-01 22:16:03 [time 93484 ms] [Thread-3] GameCharacter:123 - trace - x:-17 y:262 vx:7 vy0
[INFO] Sun 2024-09-01 22:16:03 [time 93587 ms] [Thread-3] GameCharacter:123 - trace - x:-17 y:262 vx:7 vy0
[INFO] Sun 2024-09-01 22:16:03 [time 93689 ms] [Thread-3] GameCharacter:123 - trace - x:-17 y:262 vx:7 vy0
[INFO] Sun 2024-09-01 22:16:03 [time 93790 ms] [Thread-3] GameCharacter:123 - trace - x:-17 y:262 vx:7 vy0
[INFO] Sun 2024-09-01 22:16:03 [time 93891 ms] [Thread-3] GameCharacter:123 - trace - x:-17 y:262 vx:7 vy0
[INFO] Sun 2024-09-01 22:16:03 [time 93992 ms] [Thread-3] GameCharacter:123 - trace - x:-17 y:262 vx:7 vy0
[INFO] Sun 2024-09-01 22:16:03 [time 94093 ms] [Thread-3] GameCharacter:123 - trace - x:-17 y:262 vx:7 vy0
[INFO] Sun 2024-09-01 22:16:03 [time 94194 ms] [Thread-3] GameCharacter:123 - trace - x:-17 y:262 vx:7 vy0
[INFO] Sun 2024-09-01 22:16:03 [time 94294 ms] [Thread-3] GameCharacter:123 - trace - x:-17 y:262 vx:7 vy0
[INFO] Sun 2024-09-01 22:16:03 [time 94395 ms] [Thread-3] GameCharacter:123 - trace - x:-17 y:262 vx:7 vy0
[INFO] Sun 2024-09-01 22:16:04 [time 94496 ms] [Thread-3] GameCharacter:123 - trace - x:-17 y:262 vx:7 vy0
[INFO] Sun 2024-09-01 22:16:04 [time 94598 ms] [Thread-3] GameCharacter:123 - trace - x:-17 y:262 vx:7 vy0
[INFO] Sun 2024-09-01 22:16:04 [time 94699 ms] [Thread-3] GameCharacter:123 - trace - x:-17 y:262 vx:7 vy0
[INFO] Sun 2024-09-01 22:16:05 [time 95803 ms] [Thread-3] GameCharacter:123 - trace - x:0 y:262 vx:7 vy0
[INFO] Sun 2024-09-01 22:16:05 [time 95904 ms] [Thread-3] GameCharacter:123 - trace - x:-17 y:262 vx:7 vy0
[INFO] Sun 2024-09-01 22:16:05 [time 96307 ms] [Thread-3] GameCharacter:123 - trace - x:0 y:262 vx:7 vy0
[INFO] Sun 2024-09-01 22:16:06 [time 97113 ms] [Thread-3] GameCharacter:123 - trace - x:0 y:262 vx:7 vy0
[INFO] Sun 2024-09-01 22:16:06 [time 97214 ms] [Thread-3] GameCharacter:123 - trace - x:-17 y:262 vx:7 vy0
[INFO] Sun 2024-09-01 22:16:07 [time 97918 ms] [Thread-3] GameCharacter:123 - trace - x:0 y:262 vx:7 vy0
[INFO] Sun 2024-09-01 22:16:07 [time 98019 ms] [Thread-3] GameCharacter:123 - trace - x:-17 y:262 vx:7 vy0
[INFO] Sun 2024-09-01 22:16:07 [time 98120 ms] [Thread-3] GameCharacter:123 - trace - x:-17 y:262 vx:7 vy0
[INFO] Sun 2024-09-01 22:16:07 [time 98221 ms] [Thread-3] GameCharacter:123 - trace - x:-17 y:262 vx:7 vy0
[INFO] Sun 2024-09-01 22:16:07 [time 98322 ms] [Thread-3] GameCharacter:123 - trace - x:-17 y:262 vx:7 vy0
[INFO] Sun 2024-09-01 22:16:07 [time 98423 ms] [Thread-3] GameCharacter:123 - trace - x:-17 y:262 vx:7 vy0
[INFO] Sun 2024-09-01 22:16:08 [time 98524 ms] [Thread-3] GameCharacter:123 - trace - x:-17 y:262 vx:7 vy0
[INFO] Sun 2024-09-01 22:16:08 [time 99130 ms] [Thread-3] GameCharacter:123 - trace - x:768 y:239 vx:7 vy0
[INFO] Sun 2024-09-01 22:16:08 [time 99231 ms] [Thread-3] GameCharacter:123 - trace - x:775 y:239 vx:7 vy0
[INFO] Sun 2024-09-01 22:16:08 [time 99333 ms] [Thread-3] GameCharacter:123 - trace - x:775 y:239 vx:7 vy0
[INFO] Sun 2024-09-01 22:16:08 [time 99434 ms] [Thread-3] GameCharacter:123 - trace - x:775 y:239 vx:7 vy0
[INFO] Sun 2024-09-01 22:16:09 [time 99535 ms] [Thread-3] GameCharacter:123 - trace - x:775 y:239 vx:7 vy0
[INFO] Sun 2024-09-01 22:16:09 [time 99636 ms] [Thread-3] GameCharacter:123 - trace - x:775 y:239 vx:7 vy0
[INFO] Sun 2024-09-01 22:16:09 [time 99736 ms] [Thread-3] GameCharacter:123 - trace - x:775 y:239 vx:7 vy0
[INFO] Sun 2024-09-01 22:16:09 [time 99839 ms] [Thread-3] GameCharacter:123 - trace - x:775 y:239 vx:7 vy0
[INFO] Sun 2024-09-01 22:16:09 [time 99940 ms] [Thread-3] GameCharacter:123 - trace - x:775 y:239 vx:7 vy0
[INFO] Sun 2024-09-01 22:16:09 [time 100041 ms] [Thread-3] GameCharacter:123 - trace - x:775 y:239 vx:7 vy0
[INFO] Sun 2024-09-01 22:16:09 [time 100142 ms] [Thread-3] GameCharacter:123 - trace - x:775 y:239 vx:7 vy0
[INFO] Sun 2024-09-01 22:16:09 [time 100244 ms] [Thread-3] GameCharacter:123 - trace - x:775 y:239 vx:7 vy0
[INFO] Sun 2024-09-01 22:16:09 [time 100346 ms] [Thread-3] GameCharacter:123 - trace - x:775 y:239 vx:7 vy0
[INFO] Sun 2024-09-01 22:16:10 [time 100447 ms] [Thread-3] GameCharacter:123 - trace - x:775 y:239 vx:7 vy0
[INFO] Sun 2024-09-01 22:16:10 [time 100548 ms] [Thread-3] GameCharacter:123 - trace - x:775 y:239 vx:7 vy0
[INFO] Sun 2024-09-01 22:16:10 [time 100649 ms] [Thread-3] GameCharacter:123 - trace - x:775 y:239 vx:7 vy0
[INFO] Sun 2024-09-01 22:16:10 [time 100750 ms] [Thread-3] GameCharacter:123 - trace - x:775 y:239 vx:7 vy0
[INFO] Sun 2024-09-01 22:16:10 [time 100851 ms] [Thread-3] GameCharacter:123 - trace - x:775 y:239 vx:7 vy0
[INFO] Sun 2024-09-01 22:16:10 [time 100952 ms] [Thread-3] GameCharacter:123 - trace - x:775 y:239 vx:7 vy0
[INFO] Sun 2024-09-01 22:16:10 [time 101053 ms] [Thread-3] GameCharacter:123 - trace - x:775 y:239 vx:7 vy0
[INFO] Sun 2024-09-01 22:16:10 [time 101154 ms] [Thread-3] GameCharacter:123 - trace - x:775 y:239 vx:7 vy0
[INFO] Sun 2024-09-01 22:16:10 [time 101256 ms] [Thread-3] GameCharacter:123 - trace - x:775 y:239 vx:7 vy0
[INFO] Sun 2024-09-01 22:16:10 [time 101359 ms] [Thread-3] GameCharacter:123 - trace - x:775 y:239 vx:7 vy0
[INFO] Sun 2024-09-01 22:16:11 [time 101460 ms] [Thread-3] GameCharacter:123 - trace - x:775 y:239 vx:7 vy0
[INFO] Sun 2024-09-01 22:16:11 [time 101561 ms] [Thread-3] GameCharacter:123 - trace - x:775 y:239 vx:7 vy0
[INFO] Sun 2024-09-01 22:16:11 [time 101662 ms] [Thread-3] GameCharacter:123 - trace - x:775 y:239 vx:7 vy0
[INFO] Sun 2024-09-01 22:16:11 [time 101763 ms] [Thread-3] GameCharacter:123 - trace - x:775 y:239 vx:7 vy0
[INFO] Sun 2024-09-01 22:16:11 [time 101864 ms] [Thread-3] GameCharacter:123 - trace - x:775 y:239 vx:7 vy0
[INFO] Sun 2024-09-01 22:16:11 [time 101965 ms] [Thread-3] GameCharacter:123 - trace - x:775 y:239 vx:7 vy0
[INFO] Sun 2024-09-01 22:16:11 [time 102067 ms] [Thread-3] GameCharacter:123 - trace - x:775 y:239 vx:7 vy0
[INFO] Sun 2024-09-01 22:16:11 [time 102168 ms] [Thread-3] GameCharacter:123 - trace - x:775 y:239 vx:7 vy0
[INFO] Sun 2024-09-01 22:16:11 [time 102270 ms] [Thread-3] GameCharacter:123 - trace - x:775 y:239 vx:7 vy0
[INFO] Sun 2024-09-01 22:16:11 [time 102371 ms] [Thread-3] GameCharacter:123 - trace - x:775 y:239 vx:7 vy0
[INFO] Sun 2024-09-01 22:16:12 [time 102472 ms] [Thread-3] GameCharacter:123 - trace - x:775 y:239 vx:7 vy0
[INFO] Sun 2024-09-01 22:16:12 [time 102573 ms] [Thread-3] GameCharacter:123 - trace - x:775 y:239 vx:7 vy0
[INFO] Sun 2024-09-01 22:16:12 [time 102675 ms] [Thread-3] GameCharacter:123 - trace - x:775 y:239 vx:7 vy0
[INFO] Sun 2024-09-01 22:16:12 [time 102776 ms] [Thread-3] GameCharacter:123 - trace - x:775 y:239 vx:7 vy0
[INFO] Sun 2024-09-01 22:16:12 [time 102877 ms] [Thread-3] GameCharacter:123 - trace - x:775 y:239 vx:7 vy0
[INFO] Sun 2024-09-01 22:16:12 [time 102977 ms] [Thread-3] GameCharacter:123 - trace - x:775 y:239 vx:7 vy0
[INFO] Sun 2024-09-01 22:16:12 [time 103078 ms] [Thread-3] GameCharacter:123 - trace - x:775 y:239 vx:7 vy0
